<?xml version="1.0" encoding="UTF-8"?>
<!-- Generated by org.testng.reporters.JUnitXMLReporter -->
<testsuite ignored="0" hostname="DESKTOP-AB4HUMF" failures="1" tests="16" name="Default test" time="215.435" errors="0" timestamp="2026-04-05T13:08:49 IST">
  <testcase classname="io.cucumber.testng.AbstractTestNGCucumberTests" name="runScenario" time="26.718"/>
  <testcase classname="io.cucumber.testng.AbstractTestNGCucumberTests" name="runScenario" time="7.661"/>
  <testcase classname="io.cucumber.testng.AbstractTestNGCucumberTests" name="runScenario" time="7.713"/>
  <testcase classname="io.cucumber.testng.AbstractTestNGCucumberTests" name="runScenario" time="6.803"/>
  <testcase classname="io.cucumber.testng.AbstractTestNGCucumberTests" name="runScenario" time="6.349"/>
  <testcase classname="io.cucumber.testng.AbstractTestNGCucumberTests" name="runScenario" time="6.846"/>
  <testcase classname="io.cucumber.testng.AbstractTestNGCucumberTests" name="runScenario" time="5.415"/>
  <testcase classname="io.cucumber.testng.AbstractTestNGCucumberTests" name="runScenario" time="5.977"/>
  <testcase classname="io.cucumber.testng.AbstractTestNGCucumberTests" name="runScenario" time="4.188"/>
  <testcase classname="io.cucumber.testng.AbstractTestNGCucumberTests" name="runScenario" time="5.98"/>
  <testcase classname="io.cucumber.testng.AbstractTestNGCucumberTests" name="runScenario" time="77.646">
    <failure type="com.microsoft.playwright.TimeoutError" message="Error {
  message=&amp;apos;Timeout 30000ms exceeded.
  name=&amp;apos;TimeoutError
  stack=&amp;apos;TimeoutError: Timeout 30000ms exceeded.
    at ProgressController.run (C:\Users\Nikhil\AppData\Local\Temp\playwright-java-15062770924596117592\package\lib\server\progress.js:78:26)
    at Frame._callOnElementOnceMatches (C:\Users\Nikhil\AppData\Local\Temp\playwright-java-15062770924596117592\package\lib\server\frames.js:1464:23)
    at Frame.textContent (C:\Users\Nikhil\AppData\Local\Temp\playwright-java-15062770924596117592\package\lib\server\frames.js:1080:17)
    at FrameDispatcher.textContent (C:\Users\Nikhil\AppData\Local\Temp\playwright-java-15062770924596117592\package\lib\server\dispatchers\frameDispatcher.js:178:37)
    at FrameDispatcher._handleCommand (C:\Users\Nikhil\AppData\Local\Temp\playwright-java-15062770924596117592\package\lib\server\dispatchers\dispatcher.js:94:40)
    at DispatcherConnection.dispatch (C:\Users\Nikhil\AppData\Local\Temp\playwright-java-15062770924596117592\package\lib\server\dispatchers\dispatcher.js:361:39)
}
Call log:
- waiting for locator(&amp;quot;//div[text()=&amp;apos;Warning: Your account has exceeded allowed number of login attempts. Please try again in 1 hour.&amp;apos;]&amp;quot;)
">
      <![CDATA[com.microsoft.playwright.TimeoutError: Error {
  message='Timeout 30000ms exceeded.
  name='TimeoutError
  stack='TimeoutError: Timeout 30000ms exceeded.
    at ProgressController.run (C:\Users\Nikhil\AppData\Local\Temp\playwright-java-15062770924596117592\package\lib\server\progress.js:78:26)
    at Frame._callOnElementOnceMatches (C:\Users\Nikhil\AppData\Local\Temp\playwright-java-15062770924596117592\package\lib\server\frames.js:1464:23)
    at Frame.textContent (C:\Users\Nikhil\AppData\Local\Temp\playwright-java-15062770924596117592\package\lib\server\frames.js:1080:17)
    at FrameDispatcher.textContent (C:\Users\Nikhil\AppData\Local\Temp\playwright-java-15062770924596117592\package\lib\server\dispatchers\frameDispatcher.js:178:37)
    at FrameDispatcher._handleCommand (C:\Users\Nikhil\AppData\Local\Temp\playwright-java-15062770924596117592\package\lib\server\dispatchers\dispatcher.js:94:40)
    at DispatcherConnection.dispatch (C:\Users\Nikhil\AppData\Local\Temp\playwright-java-15062770924596117592\package\lib\server\dispatchers\dispatcher.js:361:39)
}
Call log:
- waiting for locator("//div[text()='Warning: Your account has exceeded allowed number of login attempts. Please try again in 1 hour.']")

at com.microsoft.playwright.impl.WaitableResult.get(WaitableResult.java:52)
at com.microsoft.playwright.impl.ChannelOwner.runUntil(ChannelOwner.java:132)
at com.microsoft.playwright.impl.Connection.sendMessage(Connection.java:130)
at com.microsoft.playwright.impl.ChannelOwner.sendMessage(ChannelOwner.java:118)
at com.microsoft.playwright.impl.FrameImpl.textContentImpl(FrameImpl.java:818)
at com.microsoft.playwright.impl.FrameImpl.lambda$textContent$38(FrameImpl.java:809)
at com.microsoft.playwright.impl.LoggingSupport.withLogging(LoggingSupport.java:47)
at com.microsoft.playwright.impl.ChannelOwner.withLogging(ChannelOwner.java:97)
at com.microsoft.playwright.impl.FrameImpl.textContent(FrameImpl.java:809)
at com.microsoft.playwright.impl.LocatorImpl.textContent(LocatorImpl.java:591)
at com.microsoft.playwright.Locator.textContent(Locator.java:5189)
at org.pages.LoginPage.Warning_message(LoginPage.java:95)
at org.stepDefinations.LoginStepDef.varify_login_page_is_displayed(LoginStepDef.java:326)
at ✽.varify LoginPage "Warning_message" IsDisplayed "Warning: Your account has exceeded allowed number of login attempts. Please try again in 1 hour."(file:///G:/playwrite/PlaywrightJavaCucumberTestNG-master/./src/test/resources/org/features/LoginPage.feature:96)
Caused by: com.microsoft.playwright.TimeoutError: Error {
  message='Timeout 30000ms exceeded.
  name='TimeoutError
  stack='TimeoutError: Timeout 30000ms exceeded.
    at ProgressController.run (C:\Users\Nikhil\AppData\Local\Temp\playwright-java-15062770924596117592\package\lib\server\progress.js:78:26)
    at Frame._callOnElementOnceMatches (C:\Users\Nikhil\AppData\Local\Temp\playwright-java-15062770924596117592\package\lib\server\frames.js:1464:23)
    at Frame.textContent (C:\Users\Nikhil\AppData\Local\Temp\playwright-java-15062770924596117592\package\lib\server\frames.js:1080:17)
    at FrameDispatcher.textContent (C:\Users\Nikhil\AppData\Local\Temp\playwright-java-15062770924596117592\package\lib\server\dispatchers\frameDispatcher.js:178:37)
    at FrameDispatcher._handleCommand (C:\Users\Nikhil\AppData\Local\Temp\playwright-java-15062770924596117592\package\lib\server\dispatchers\dispatcher.js:94:40)
    at DispatcherConnection.dispatch (C:\Users\Nikhil\AppData\Local\Temp\playwright-java-15062770924596117592\package\lib\server\dispatchers\dispatcher.js:361:39)
}
Call log:
- waiting for locator("//div[text()='Warning: Your account has exceeded allowed number of login attempts. Please try again in 1 hour.']")

at com.microsoft.playwright.impl.Connection.dispatch(Connection.java:254)
at com.microsoft.playwright.impl.Connection.processOneMessage(Connection.java:211)
at com.microsoft.playwright.impl.ChannelOwner.runUntil(ChannelOwner.java:130)
at com.microsoft.playwright.impl.Connection.sendMessage(Connection.java:130)
at com.microsoft.playwright.impl.ChannelOwner.sendMessage(ChannelOwner.java:118)
at com.microsoft.playwright.impl.FrameImpl.textContentImpl(FrameImpl.java:818)
at com.microsoft.playwright.impl.FrameImpl.lambda$textContent$38(FrameImpl.java:809)
at com.microsoft.playwright.impl.LoggingSupport.withLogging(LoggingSupport.java:47)
at com.microsoft.playwright.impl.ChannelOwner.withLogging(ChannelOwner.java:97)
at com.microsoft.playwright.impl.FrameImpl.textContent(FrameImpl.java:809)
at com.microsoft.playwright.impl.LocatorImpl.textContent(LocatorImpl.java:591)
at com.microsoft.playwright.Locator.textContent(Locator.java:5189)
at org.pages.LoginPage.Warning_message(LoginPage.java:95)
at org.stepDefinations.LoginStepDef.varify_login_page_is_displayed(LoginStepDef.java:326)
at jdk.internal.reflect.GeneratedMethodAccessor81.invoke(Unknown Source)
at java.base/jdk.internal.reflect.DelegatingMethodAccessorImpl.invoke(DelegatingMethodAccessorImpl.java:43)
at java.base/java.lang.reflect.Method.invoke(Method.java:569)
at io.cucumber.java.Invoker.doInvoke(Invoker.java:66)
at io.cucumber.java.Invoker.invoke(Invoker.java:24)
at io.cucumber.java.AbstractGlueDefinition.invokeMethod(AbstractGlueDefinition.java:47)
at io.cucumber.java.JavaStepDefinition.execute(JavaStepDefinition.java:29)
at io.cucumber.core.runner.CoreStepDefinition.execute(CoreStepDefinition.java:66)
at io.cucumber.core.runner.PickleStepDefinitionMatch.runStep(PickleStepDefinitionMatch.java:63)
at io.cucumber.core.runner.ExecutionMode$1.execute(ExecutionMode.java:10)
at io.cucumber.core.runner.TestStep.executeStep(TestStep.java:84)
at io.cucumber.core.runner.TestStep.run(TestStep.java:56)
at io.cucumber.core.runner.PickleStepTestStep.run(PickleStepTestStep.java:51)
at io.cucumber.core.runner.TestCase.run(TestCase.java:84)
at io.cucumber.core.runner.Runner.runPickle(Runner.java:75)
at io.cucumber.testng.TestNGCucumberRunner.lambda$runScenario$1(TestNGCucumberRunner.java:132)
at io.cucumber.core.runtime.CucumberExecutionContext.lambda$runTestCase$5(CucumberExecutionContext.java:137)
at io.cucumber.core.runtime.RethrowingThrowableCollector.executeAndThrow(RethrowingThrowableCollector.java:23)
at io.cucumber.core.runtime.CucumberExecutionContext.runTestCase(CucumberExecutionContext.java:137)
at io.cucumber.testng.TestNGCucumberRunner.runScenario(TestNGCucumberRunner.java:129)
at io.cucumber.testng.AbstractTestNGCucumberTests.runScenario(AbstractTestNGCucumberTests.java:35)
at java.base/jdk.internal.reflect.NativeMethodAccessorImpl.invoke0(Native Method)
at java.base/jdk.internal.reflect.NativeMethodAccessorImpl.invoke(NativeMethodAccessorImpl.java:77)
at java.base/jdk.internal.reflect.DelegatingMethodAccessorImpl.invoke(DelegatingMethodAccessorImpl.java:43)
at java.base/java.lang.reflect.Method.invoke(Method.java:569)
at org.testng.internal.invokers.MethodInvocationHelper.invokeMethod(MethodInvocationHelper.java:139)
at org.testng.internal.invokers.TestInvoker.invokeMethod(TestInvoker.java:677)
at org.testng.internal.invokers.TestInvoker.invokeTestMethod(TestInvoker.java:221)
at org.testng.internal.invokers.MethodRunner.runInSequence(MethodRunner.java:50)
at org.testng.internal.invokers.TestInvoker$MethodInvocationAgent.invoke(TestInvoker.java:969)
at org.testng.internal.invokers.TestInvoker.invokeTestMethods(TestInvoker.java:194)
at org.testng.internal.invokers.TestMethodWorker.invokeTestMethods(TestMethodWorker.java:148)
at org.testng.internal.invokers.TestMethodWorker.run(TestMethodWorker.java:128)
at java.base/java.util.ArrayList.forEach(ArrayList.java:1511)
at org.testng.TestRunner.privateRun(TestRunner.java:829)
at org.testng.TestRunner.run(TestRunner.java:602)
at org.testng.SuiteRunner.runTest(SuiteRunner.java:437)
at org.testng.SuiteRunner.runSequentially(SuiteRunner.java:431)
at org.testng.SuiteRunner.privateRun(SuiteRunner.java:391)
at org.testng.SuiteRunner.run(SuiteRunner.java:330)
at org.testng.SuiteRunnerWorker.runSuite(SuiteRunnerWorker.java:52)
at org.testng.SuiteRunnerWorker.run(SuiteRunnerWorker.java:95)
at org.testng.TestNG.runSuitesSequentially(TestNG.java:1256)
at org.testng.TestNG.runSuitesLocally(TestNG.java:1176)
at org.testng.TestNG.runSuites(TestNG.java:1099)
at org.testng.TestNG.run(TestNG.java:1067)
at org.testng.remote.AbstractRemoteTestNG.run(AbstractRemoteTestNG.java:115)
at org.testng.remote.RemoteTestNG.initAndRun(RemoteTestNG.java:293)
at org.testng.remote.RemoteTestNG.main(RemoteTestNG.java:91)
]]>
    </failure>
  </testcase> <!-- runScenario -->
  <testcase classname="io.cucumber.testng.AbstractTestNGCucumberTests" name="runScenario" time="4.786"/>
  <testcase classname="io.cucumber.testng.AbstractTestNGCucumberTests" name="runScenario" time="12.747"/>
  <testcase classname="io.cucumber.testng.AbstractTestNGCucumberTests" name="runScenario" time="10.254"/>
  <testcase classname="io.cucumber.testng.AbstractTestNGCucumberTests" name="runScenario" time="9.501"/>
  <testcase classname="io.cucumber.testng.AbstractTestNGCucumberTests" name="runScenario" time="5.461"/>
</testsuite> <!-- Default test -->
