<?xml version="1.0" encoding="UTF-8"?>
<testng-results ignored="0" total="1" passed="0" failed="1" skipped="0">
  <reporter-output>
  </reporter-output>
  <suite started-at="2025-11-29T18:12:40 IST" name="Default suite" finished-at="2025-11-29T18:14:25 IST" duration-ms="104454">
    <groups>
      <group name="cucumber">
        <method signature="AbstractTestNGCucumberTests.runScenario(io.cucumber.testng.PickleWrapper,io.cucumber.testng.FeatureWrapper)[pri:0, instance:org.testRunners.TestRunner@24569dba]" name="runScenario" class="io.cucumber.testng.AbstractTestNGCucumberTests"/>
      </group> <!-- cucumber -->
    </groups>
    <test started-at="2025-11-29T18:12:40 IST" name="Default test" finished-at="2025-11-29T18:14:25 IST" duration-ms="104454">
      <class name="org.testRunners.TestRunner">
        <test-method is-config="true" signature="setUpClass(org.testng.ITestContext)[pri:0, instance:org.testRunners.TestRunner@24569dba]" started-at="2025-11-29T18:12:41 IST" name="setUpClass" finished-at="2025-11-29T18:12:42 IST" duration-ms="1809" status="PASS">
          <params>
            <param index="0">
              <value>
                <![CDATA[org.testng.TestRunner@6ce26986]]>
              </value>
            </param>
          </params>
          <reporter-output>
          </reporter-output>
        </test-method> <!-- setUpClass -->
        <test-method signature="runScenario(io.cucumber.testng.PickleWrapper,io.cucumber.testng.FeatureWrapper)[pri:0, instance:org.testRunners.TestRunner@24569dba]" started-at="2025-11-29T18:12:42 IST" name="runScenario" description="Runs Cucumber Scenarios" data-provider="scenarios" finished-at="2025-11-29T18:14:19 IST" duration-ms="96110" status="FAIL">
          <params>
            <param index="0">
              <value>
                <![CDATA["verify Login page"]]>
              </value>
            </param>
            <param index="1">
              <value>
                <![CDATA["Login Functionality"]]>
              </value>
            </param>
          </params>
          <exception class="java.lang.AssertionError">
            <message>
              <![CDATA[expected [https://tutorialsninja.com/demo/index.php?route=account/accoun] but found [https://tutorialsninja.com/demo/index.php?route=account/account]]]>
            </message>
            <full-stacktrace>
              <![CDATA[java.lang.AssertionError: expected [https://tutorialsninja.com/demo/index.php?route=account/accoun] but found [https://tutorialsninja.com/demo/index.php?route=account/account]
at org.testng.Assert.fail(Assert.java:110)
at org.testng.Assert.failNotEquals(Assert.java:1577)
at org.testng.Assert.assertEqualsImpl(Assert.java:149)
at org.testng.Assert.assertEquals(Assert.java:131)
at org.testng.Assert.assertEquals(Assert.java:655)
at org.testng.Assert.assertEquals(Assert.java:665)
at org.stepDefinations.LoginStepDef.varify_login_page_is_displayed(LoginStepDef.java:55)
at ✽.varify LoginPage "Url" IsDisplayed "https://tutorialsninja.com/demo/index.php?route=account/accoun"(file:///G:/playwrite/PlaywrightJavaCucumberTestNG-master/./src/test/resources/org/features/LoginPage.feature:12)
]]>
            </full-stacktrace>
          </exception> <!-- java.lang.AssertionError -->
          <reporter-output>
          </reporter-output>
        </test-method> <!-- runScenario -->
        <test-method is-config="true" signature="tearDownClass()[pri:0, instance:org.testRunners.TestRunner@24569dba]" started-at="2025-11-29T18:14:19 IST" name="tearDownClass" finished-at="2025-11-29T18:14:25 IST" duration-ms="6388" status="PASS">
          <reporter-output>
          </reporter-output>
        </test-method> <!-- tearDownClass -->
      </class> <!-- org.testRunners.TestRunner -->
    </test> <!-- Default test -->
  </suite> <!-- Default suite -->
</testng-results>
