<?xml version="1.0" encoding="UTF-8"?>
<testng-results ignored="0" total="1" passed="1" failed="0" skipped="0">
  <reporter-output>
  </reporter-output>
  <suite started-at="2026-01-21T23:51:43 IST" name="Default suite" finished-at="2026-01-21T23:52:09 IST" duration-ms="26794">
    <groups>
      <group name="cucumber">
        <method signature="AbstractTestNGCucumberTests.runScenario(io.cucumber.testng.PickleWrapper,io.cucumber.testng.FeatureWrapper)[pri:0, instance:org.testRunners.TestRunner@8462f31]" name="runScenario" class="io.cucumber.testng.AbstractTestNGCucumberTests"/>
      </group> <!-- cucumber -->
    </groups>
    <test started-at="2026-01-21T23:51:43 IST" name="Default test" finished-at="2026-01-21T23:52:09 IST" duration-ms="26794">
      <class name="org.testRunners.TestRunner">
        <test-method is-config="true" signature="setUpClass(org.testng.ITestContext)[pri:0, instance:org.testRunners.TestRunner@8462f31]" started-at="2026-01-21T23:51:43 IST" name="setUpClass" finished-at="2026-01-21T23:51:44 IST" duration-ms="1772" status="PASS">
          <params>
            <param index="0">
              <value>
                <![CDATA[org.testng.TestRunner@1ea930eb]]>
              </value>
            </param>
          </params>
          <reporter-output>
          </reporter-output>
        </test-method> <!-- setUpClass -->
        <test-method signature="runScenario(io.cucumber.testng.PickleWrapper,io.cucumber.testng.FeatureWrapper)[pri:0, instance:org.testRunners.TestRunner@8462f31]" started-at="2026-01-21T23:51:45 IST" name="runScenario" description="Runs Cucumber Scenarios" data-provider="scenarios" finished-at="2026-01-21T23:52:05 IST" duration-ms="20629" status="PASS">
          <params>
            <param index="0">
              <value>
                <![CDATA["TC_LF_019_Verify user is able to navigate to different pages from Login page (options like (Right Column options, Header options, Menu Options, Footer options and any other options)"]]>
              </value>
            </param>
            <param index="1">
              <value>
                <![CDATA["Login Functionality"]]>
              </value>
            </param>
          </params>
          <reporter-output>
          </reporter-output>
        </test-method> <!-- runScenario -->
        <test-method is-config="true" signature="tearDownClass()[pri:0, instance:org.testRunners.TestRunner@8462f31]" started-at="2026-01-21T23:52:05 IST" name="tearDownClass" finished-at="2026-01-21T23:52:09 IST" duration-ms="4273" status="PASS">
          <reporter-output>
          </reporter-output>
        </test-method> <!-- tearDownClass -->
      </class> <!-- org.testRunners.TestRunner -->
    </test> <!-- Default test -->
  </suite> <!-- Default suite -->
</testng-results>
