<?xml version="1.0" encoding="UTF-8"?>
<!-- Generated by org.testng.reporters.JUnitReportReporter -->
<testsuite hostname="DESKTOP-AB4HUMF" failures="0" tests="21" name="org.testRunners.TestRunner" time="184.729" errors="0" timestamp="2026-02-28T21:54:22 IST" skipped="0">
  <testcase classname="org.testRunners.TestRunner" name="runScenario" time="5.024"/>
  <system-out/>
  <testcase classname="org.testRunners.TestRunner" name="runScenario" time="4.906"/>
  <system-out/>
  <testcase classname="org.testRunners.TestRunner" name="runScenario" time="14.431"/>
  <system-out/>
  <testcase classname="org.testRunners.TestRunner" name="runScenario" time="13.980"/>
  <system-out/>
  <testcase classname="org.testRunners.TestRunner" name="runScenario" time="4.899"/>
  <system-out/>
  <testcase classname="org.testRunners.TestRunner" name="runScenario" time="7.210"/>
  <system-out/>
  <testcase classname="org.testRunners.TestRunner" name="runScenario" time="4.859"/>
  <system-out/>
  <testcase classname="org.testRunners.TestRunner" name="runScenario" time="5.177"/>
  <system-out/>
  <testcase classname="org.testRunners.TestRunner" name="runScenario" time="6.475"/>
  <system-out/>
  <testcase classname="org.testRunners.TestRunner" name="runScenario" time="7.768"/>
  <system-out/>
  <testcase classname="org.testRunners.TestRunner" name="runScenario" time="7.876"/>
  <system-out/>
  <testcase classname="org.testRunners.TestRunner" name="runScenario" time="6.625"/>
  <system-out/>
  <testcase classname="org.testRunners.TestRunner" name="runScenario" time="5.793"/>
  <system-out/>
  <testcase classname="org.testRunners.TestRunner" name="runScenario" time="13.939"/>
  <system-out/>
  <testcase classname="org.testRunners.TestRunner" name="runScenario" time="7.769"/>
  <system-out/>
  <testcase classname="org.testRunners.TestRunner" name="runScenario" time="6.724"/>
  <system-out/>
  <testcase classname="org.testRunners.TestRunner" name="runScenario" time="8.413"/>
  <system-out/>
  <testcase classname="org.testRunners.TestRunner" name="runScenario" time="14.090"/>
  <system-out/>
  <testcase classname="org.testRunners.TestRunner" name="runScenario" time="6.369"/>
  <system-out/>
  <testcase classname="org.testRunners.TestRunner" name="runScenario" time="7.744"/>
  <system-out/>
  <testcase classname="org.testRunners.TestRunner" name="runScenario" time="24.658"/>
  <system-out/>
</testsuite> <!-- org.testRunners.TestRunner -->
